<?xml version="1.0" encoding="UTF-8"?>
<testsuite name="org.example.APIGatewaySvc.service.GatewayLogServiceTest" tests="8" skipped="0" failures="0" errors="0" timestamp="2025-08-11T17:20:09.347Z" hostname="SEOKYEEUN" time="0.547">
  <properties/>
  <testcase name="shouldSendLogEventToKafka()" classname="org.example.APIGatewaySvc.service.GatewayLogServiceTest" time="0.496"/>
  <testcase name="shouldHandleAnonymousUser()" classname="org.example.APIGatewaySvc.service.GatewayLogServiceTest" time="0.006"/>
  <testcase name="shouldLogRequestError()" classname="org.example.APIGatewaySvc.service.GatewayLogServiceTest" time="0.005"/>
  <testcase name="shouldLogRequestStart()" classname="org.example.APIGatewaySvc.service.GatewayLogServiceTest" time="0.005"/>
  <testcase name="shouldLogRequestEnd()" classname="org.example.APIGatewaySvc.service.GatewayLogServiceTest" time="0.003"/>
  <testcase name="shouldSkipMaskingWhenDisabled()" classname="org.example.APIGatewaySvc.service.GatewayLogServiceTest" time="0.003"/>
  <testcase name="shouldMaskSensitiveInformation()" classname="org.example.APIGatewaySvc.service.GatewayLogServiceTest" time="0.021"/>
  <testcase name="shouldNotSendLogWhenLoggingDisabled()" classname="org.example.APIGatewaySvc.service.GatewayLogServiceTest" time="0.002"/>
  <system-out><![CDATA[]]></system-out>
  <system-err><![CDATA[]]></system-err>
</testsuite>
