<?xml version="1.0" encoding="UTF-8"?>
<testsuite name="org.example.APIGatewaySvc.filter.GatewayLoggingFilterTest" tests="10" skipped="0" failures="0" errors="0" timestamp="2025-08-19T12:56:08.961Z" hostname="SEOKYEEUN" time="0.908">
  <properties/>
  <testcase name="shouldExtractRequestIdFromHeader()" classname="org.example.APIGatewaySvc.filter.GatewayLoggingFilterTest" time="0.367"/>
  <testcase name="shouldHaveCorrectOrder()" classname="org.example.APIGatewaySvc.filter.GatewayLoggingFilterTest" time="0.007"/>
  <testcase name="shouldLogRequestStartAndEnd()" classname="org.example.APIGatewaySvc.filter.GatewayLoggingFilterTest" time="0.063"/>
  <testcase name="shouldLogRequestError()" classname="org.example.APIGatewaySvc.filter.GatewayLoggingFilterTest" time="0.047"/>
  <testcase name="shouldMeasureDurationAccurately()" classname="org.example.APIGatewaySvc.filter.GatewayLoggingFilterTest" time="0.347"/>
  <testcase name="shouldExtractClientIpFromHeaders()" classname="org.example.APIGatewaySvc.filter.GatewayLoggingFilterTest" time="0.016"/>
  <testcase name="shouldHandleResponseSize()" classname="org.example.APIGatewaySvc.filter.GatewayLoggingFilterTest" time="0.008"/>
  <testcase name="shouldHandleNullResponseSize()" classname="org.example.APIGatewaySvc.filter.GatewayLoggingFilterTest" time="0.011"/>
  <testcase name="shouldDetectPublicApiName()" classname="org.example.APIGatewaySvc.filter.GatewayLoggingFilterTest" time="0.021"/>
  <testcase name="shouldCollectImportantHeaders()" classname="org.example.APIGatewaySvc.filter.GatewayLoggingFilterTest" time="0.01"/>
  <system-out><![CDATA[]]></system-out>
  <system-err><![CDATA[]]></system-err>
</testsuite>
