<?xml version="1.0" encoding="UTF-8"?>
<testsuite name="org.example.APIGatewaySvc.config.RateLimitConfigTest" tests="6" skipped="0" failures="0" errors="0" timestamp="2025-08-10T15:37:58.879Z" hostname="SEOKYEEUN" time="0.416">
  <properties/>
  <testcase name="AI 서비스용 Rate Limiter가 더 엄격한 설정으로 생성되어야 함" classname="org.example.APIGatewaySvc.config.RateLimitConfigTest" time="0.402"/>
  <testcase name="기본 Redis Rate Limiter가 올바른 설정으로 생성되어야 함" classname="org.example.APIGatewaySvc.config.RateLimitConfigTest" time="0.001"/>
  <testcase name="사용자 서비스용 Rate Limiter가 더 관대한 설정으로 생성되어야 함" classname="org.example.APIGatewaySvc.config.RateLimitConfigTest" time="0.003"/>
  <testcase name="모든 Rate Limiter가 서로 다른 인스턴스여야 함" classname="org.example.APIGatewaySvc.config.RateLimitConfigTest" time="0.001"/>
  <testcase name="관리 서비스용 Rate Limiter가 중간 정도 설정으로 생성되어야 함" classname="org.example.APIGatewaySvc.config.RateLimitConfigTest" time="0.001"/>
  <testcase name="Rate Limiter 설정값이 합리적인 범위 내에 있어야 함" classname="org.example.APIGatewaySvc.config.RateLimitConfigTest" time="0.001"/>
  <system-out><![CDATA[]]></system-out>
  <system-err><![CDATA[]]></system-err>
</testsuite>
