<?xml version="1.0" encoding="UTF-8"?>
<testsuite name="org.example.APIGatewaySvc.service.GatewayLogServiceTest" tests="8" skipped="0" failures="0" errors="0" timestamp="2025-08-17T23:07:08.737Z" hostname="SEOKYEEUN" time="0.42">
  <properties/>
  <testcase name="shouldSendLogEventToKafka()" classname="org.example.APIGatewaySvc.service.GatewayLogServiceTest" time="0.384"/>
  <testcase name="shouldHandleAnonymousUser()" classname="org.example.APIGatewaySvc.service.GatewayLogServiceTest" time="0.006"/>
  <testcase name="shouldLogRequestError()" classname="org.example.APIGatewaySvc.service.GatewayLogServiceTest" time="0.004"/>
  <testcase name="shouldLogRequestStart()" classname="org.example.APIGatewaySvc.service.GatewayLogServiceTest" time="0.004"/>
  <testcase name="shouldLogRequestEnd()" classname="org.example.APIGatewaySvc.service.GatewayLogServiceTest" time="0.003"/>
  <testcase name="shouldSkipMaskingWhenDisabled()" classname="org.example.APIGatewaySvc.service.GatewayLogServiceTest" time="0.004"/>
  <testcase name="shouldMaskSensitiveInformation()" classname="org.example.APIGatewaySvc.service.GatewayLogServiceTest" time="0.007"/>
  <testcase name="shouldNotSendLogWhenLoggingDisabled()" classname="org.example.APIGatewaySvc.service.GatewayLogServiceTest" time="0.003"/>
  <system-out><![CDATA[]]></system-out>
  <system-err><![CDATA[]]></system-err>
</testsuite>
